[debug] [2023-11-16T14:52:31.247Z] ----------------------------------------------------------------------
[debug] [2023-11-16T14:52:31.249Z] Command:       /usr/local/bin/node /usr/local/bin/firebase init
[debug] [2023-11-16T14:52:31.250Z] CLI Version:   12.9.1
[debug] [2023-11-16T14:52:31.250Z] Platform:      linux
[debug] [2023-11-16T14:52:31.250Z] Node Version:  v20.9.0
[debug] [2023-11-16T14:52:31.250Z] Time:          Thu Nov 16 2023 20:22:31 GMT+0530 (India Standard Time)
[debug] [2023-11-16T14:52:31.250Z] ----------------------------------------------------------------------
[debug] 
[debug] [2023-11-16T14:52:31.254Z] > command requires scopes: ["email","openid","https://www.googleapis.com/auth/cloudplatformprojects.readonly","https://www.googleapis.com/auth/firebase","https://www.googleapis.com/auth/cloud-platform"]
[debug] [2023-11-16T14:52:31.254Z] > authorizing via signed-in user (shubhgoyal815@gmail.com)
[info] 
     ######## #### ########  ######## ########     ###     ######  ########
     ##        ##  ##     ## ##       ##     ##  ##   ##  ##       ##
     ######    ##  ########  ######   ########  #########  ######  ######
     ##        ##  ##    ##  ##       ##     ## ##     ##       ## ##
     ##       #### ##     ## ######## ########  ##     ##  ######  ########

You're about to initialize a Firebase project in this directory:

  /home/sahil/Desktop/zipcode

[info] 
=== Project Setup
[info] 
[info] First, let's associate this project directory with a Firebase project.
[info] You can create multiple project aliases by running firebase use --add, 
[info] but for now we'll just set up a default project.
[info] 
[debug] [2023-11-16T14:53:06.149Z] >>> [apiv2][query] GET https://firebase.googleapis.com/v1beta1/projects pageSize=100
[debug] [2023-11-16T14:53:07.097Z] <<< [apiv2][status] GET https://firebase.googleapis.com/v1beta1/projects 200
[debug] [2023-11-16T14:53:07.097Z] <<< [apiv2][body] GET https://firebase.googleapis.com/v1beta1/projects [omitted]
[info] i  Using project zipcode-227b8 (zipcode) 
[info] 
=== Hosting Setup
[debug] [2023-11-16T14:53:08.622Z] >>> [apiv2][query] GET https://firebase.googleapis.com/v1beta1/projects/zipcode-227b8 [none]
[debug] [2023-11-16T14:53:09.032Z] <<< [apiv2][status] GET https://firebase.googleapis.com/v1beta1/projects/zipcode-227b8 200
[debug] [2023-11-16T14:53:09.032Z] <<< [apiv2][body] GET https://firebase.googleapis.com/v1beta1/projects/zipcode-227b8 {"projectId":"zipcode-227b8","projectNumber":"39631582693","displayName":"zipcode","name":"projects/zipcode-227b8","resources":{"hostingSite":"zipcode-227b8"},"state":"ACTIVE","etag":"1_d6ca5c77-175a-4d31-953a-f4920e707a78"}
[info] 
[info] Your public directory is the folder (relative to your project directory) that
[info] will contain Hosting assets to be uploaded with firebase deploy. If you
[info] have a build process for your assets, use your build's output directory.
[info] 
[debug] [2023-11-16T14:53:26.344Z] >>> [apiv2][query] GET https://www.gstatic.com/firebasejs/releases.json [none]
[debug] [2023-11-16T14:53:26.449Z] <<< [apiv2][status] GET https://www.gstatic.com/firebasejs/releases.json 200
[debug] [2023-11-16T14:53:26.450Z] <<< [apiv2][body] GET https://www.gstatic.com/firebasejs/releases.json {"current":{"version":"10.6.0","browserURL":"https://www.gstatic.com/firebasejs/10.6.0/firebase.js","packageURL":"https://www.gstatic.com/firebasejs/10.6.0/firebase.tgz"},"live":{"version":"10.6","browserURL":"https://www.gstatic.com/firebasejs/live/10.6/firebase.js","packageURL":"https://www.gstatic.com/firebasejs/live/10.6/firebase.tgz"},"components":{"analytics":"https://www.gstatic.com/firebasejs/10.6.0/firebase-analytics.js","app":"https://www.gstatic.com/firebasejs/10.6.0/firebase-app.js","app-check":"https://www.gstatic.com/firebasejs/10.6.0/firebase-app-check.js","auth":"https://www.gstatic.com/firebasejs/10.6.0/firebase-auth.js","auth/cordova":"https://www.gstatic.com/firebasejs/10.6.0/firebase-auth/cordova.js","functions":"https://www.gstatic.com/firebasejs/10.6.0/firebase-functions.js","firestore":"https://www.gstatic.com/firebasejs/10.6.0/firebase-firestore.js","firestore/lite":"https://www.gstatic.com/firebasejs/10.6.0/firebase-firestore/lite.js","installations":"https://www.gstatic.com/firebasejs/10.6.0/firebase-installations.js","storage":"https://www.gstatic.com/firebasejs/10.6.0/firebase-storage.js","performance":"https://www.gstatic.com/firebasejs/10.6.0/firebase-performance.js","remote-config":"https://www.gstatic.com/firebasejs/10.6.0/firebase-remote-config.js","messaging":"https://www.gstatic.com/firebasejs/10.6.0/firebase-messaging.js","messaging/sw":"https://www.gstatic.com/firebasejs/10.6.0/firebase-messaging/sw.js","database":"https://www.gstatic.com/firebasejs/10.6.0/firebase-database.js","firestore.memory":"https://www.gstatic.com/firebasejs/10.6.0/firebase-firestore.memory.js"}}
[info] i  Skipping write of build/index.html 
[info] 
[info] i  Detected a .git folder at /home/sahil/Desktop/zipcode 
[info] i  Authorizing with GitHub to upload your service account to a GitHub repository's secrets store. 
[info] 
[info] Visit this URL on this device to log in:
[info] https://github.com/login/oauth/authorize?client_id=89cf50f02ac6aaed3484&state=800600186&redirect_uri=http%3A%2F%2Flocalhost%3A9005&scope=read%3Auser%20repo%20public_repo
[info] 
[info] Waiting for authentication...
[debug] [2023-11-16T14:53:43.754Z] >>> [apiv2][query] POST https://github.com/login/oauth/access_token [none]
[debug] [2023-11-16T14:53:43.754Z] >>> [apiv2][body] POST https://github.com/login/oauth/access_token [stream]
[debug] [2023-11-16T14:53:44.144Z] <<< [apiv2][status] POST https://github.com/login/oauth/access_token 200
[debug] [2023-11-16T14:53:44.145Z] <<< [apiv2][body] POST https://github.com/login/oauth/access_token {"access_token":"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","token_type":"bearer","scope":"read:user,repo"}
[debug] [2023-11-16T14:53:44.163Z] >>> [apiv2][query] GET https://api.github.com/user [none]
[debug] [2023-11-16T14:53:44.664Z] <<< [apiv2][status] GET https://api.github.com/user 200
[debug] [2023-11-16T14:53:44.665Z] <<< [apiv2][body] GET https://api.github.com/user {"login":"notadevps","id":61016404,"node_id":"MDQ6VXNlcjYxMDE2NDA0","avatar_url":"https://avatars.githubusercontent.com/u/61016404?v=4","gravatar_id":"","url":"https://api.github.com/users/notadevps","html_url":"https://github.com/notadevps","followers_url":"https://api.github.com/users/notadevps/followers","following_url":"https://api.github.com/users/notadevps/following{/other_user}","gists_url":"https://api.github.com/users/notadevps/gists{/gist_id}","starred_url":"https://api.github.com/users/notadevps/starred{/owner}{/repo}","subscriptions_url":"https://api.github.com/users/notadevps/subscriptions","organizations_url":"https://api.github.com/users/notadevps/orgs","repos_url":"https://api.github.com/users/notadevps/repos","events_url":"https://api.github.com/users/notadevps/events{/privacy}","received_events_url":"https://api.github.com/users/notadevps/received_events","type":"User","site_admin":false,"name":"sahilarora","company":null,"blog":"","location":"bangalore","email":null,"hireable":null,"bio":"21 years self-taught developer and\r\nengineering student\r\ncreator of Volt\r\n\r\n\r\n\r\n\r\n\r\n\r\n\r\n\r\n\r\n\r\n\r\n\r\n\r\n ","twitter_username":null,"public_repos":17,"public_gists":0,"followers":21,"following":0,"created_at":"2020-02-13T14:23:40Z","updated_at":"2023-10-31T14:04:28Z","private_gists":0,"total_private_repos":34,"owned_private_repos":34,"disk_usage":301006,"collaborators":12,"two_factor_authentication":false,"plan":{"name":"free","space":976562499,"collaborators":0,"private_repos":10000}}
[info] 
[info] ✔  Success! Logged into GitHub as notadevps 
[info] 
